<?xml version="1.0" encoding="UTF-8"?>
<testsuite name="Tests" tests="4" skipped="0" failures="0" errors="0" timestamp="2021-07-27T03:03:42" hostname="DESKTOP-FIVCS14" time="0.058">
  <properties/>
  <testcase name="testInners" classname="Tests" time="0.035"/>
  <testcase name="testPosition" classname="Tests" time="0.003"/>
  <testcase name="testPerson" classname="Tests" time="0.019"/>
  <testcase name="testResume" classname="Tests" time="0.001"/>
  <system-out><![CDATA[Resume$Experience:9
Resume$Education:1
]]></system-out>
  <system-err><![CDATA[]]></system-err>
</testsuite>
