<?xml version="1.0" encoding="UTF-8"?>
<testsuite name="Tests" tests="2" skipped="0" failures="0" errors="0" timestamp="2021-07-11T20:47:34" hostname="DESKTOP-FIVCS14" time="11.015">
  <properties/>
  <testcase name="testWebPageEditor" classname="Tests" time="11.009"/>
  <testcase name="testWebPage" classname="Tests" time="0.005"/>
  <system-out><![CDATA[...Saved
WebPageEditor@382a4871
]]></system-out>
  <system-err><![CDATA[Exception in thread "Thread-3" java.util.NoSuchElementException: No line found
	at java.base/java.util.Scanner.nextLine(Scanner.java:1651)
	at WebPageEditor.start(WebPageEditor.java:28)
	at java.base/java.lang.Thread.run(Thread.java:829)
]]></system-err>
</testsuite>
