<?xml version="1.0" encoding="UTF-8"?>
<testsuite name="Tests" tests="2" skipped="0" failures="0" errors="0" timestamp="2021-07-27T01:29:11" hostname="DESKTOP-FIVCS14" time="0.041">
  <properties/>
  <testcase name="testPosition" classname="Tests" time="0.025"/>
  <testcase name="testPerson" classname="Tests" time="0.015"/>
  <system-out><![CDATA[]]></system-out>
  <system-err><![CDATA[]]></system-err>
</testsuite>
