<?xml version="1.0" encoding="UTF-8"?>
<testsuite name="Tests" tests="2" skipped="0" failures="0" errors="0" timestamp="2021-06-17T04:11:40" hostname="DESKTOP-FIVCS14" time="0.008">
  <properties/>
  <testcase name="testSolution" classname="Tests" time="0.005"/>
  <testcase name="testReadingDatabase" classname="Tests" time="0.003"/>
  <system-out><![CDATA[]]></system-out>
  <system-err><![CDATA[]]></system-err>
</testsuite>
