<?xml version="1.0" encoding="UTF-8"?>
<testsuite name="Tests" tests="3" skipped="0" failures="0" errors="0" timestamp="2021-07-04T02:16:35" hostname="DESKTOP-FIVCS14" time="0.003">
  <properties/>
  <testcase name="testMostFrequent" classname="Tests" time="0.002"/>
  <testcase name="testCount" classname="Tests" time="0.0"/>
  <testcase name="testUniqueWords" classname="Tests" time="0.0"/>
  <system-out><![CDATA[]]></system-out>
  <system-err><![CDATA[]]></system-err>
</testsuite>
