<?xml version="1.0" encoding="UTF-8"?>
<testsuite name="Tests" tests="4" skipped="0" failures="0" errors="0" timestamp="2021-07-05T19:31:00" hostname="DESKTOP-FIVCS14" time="0.006">
  <properties/>
  <testcase name="testDeckIterator" classname="Tests" time="0.004"/>
  <testcase name="testCard" classname="Tests" time="0.0"/>
  <testcase name="testDeck" classname="Tests" time="0.001"/>
  <testcase name="testHand" classname="Tests" time="0.001"/>
  <system-out><![CDATA[]]></system-out>
  <system-err><![CDATA[]]></system-err>
</testsuite>
